<?xml version="1.0" encoding="UTF-8"?>
<!-- Generated by org.testng.reporters.JUnitReportReporter -->
<testsuite skipped="0" hostname="MacBook-Pro-de-Itexico-2.local" name="training.api.tests.TestDemo" tests="3" failures="0" timestamp="03 oct 2019 04:01:40 GMT" time="174.174" errors="0">
  <testcase name="httpGetMethod" time="57.486" classname="training.api.tests.TestDemo"/>
  <testcase name="httpPostMethod" time="99.319" classname="training.api.tests.TestDemo"/>
  <testcase name="validate" time="17.369" classname="training.api.tests.TestDemo"/>
</testsuite> <!-- training.api.tests.TestDemo -->
